<?xml version="1.0" encoding="UTF-8"?>
<!-- Generated by org.testng.reporters.JUnitXMLReporter -->
<testsuite ignored="0" hostname="DESKTOP-S344IQT" failures="1" tests="2" name="Test" time="34.465" errors="0" timestamp="2025-09-03T10:28:49 IST">
  <testcase classname="testCases.TC001_AccountRegistrationTest" name="verify_Account_Registration" time="3.122"/>
  <testcase classname="testCases.TC002_VerifyLogin" name="Verify_Login" time="12.012">
    <failure type="java.lang.AssertionError" message="login failed expected [true] but found [false]">
      <![CDATA[java.lang.AssertionError: login failed expected [true] but found [false]
at testCases.TC002_VerifyLogin.Verify_Login(TC002_VerifyLogin.java:31)
at java.base/java.util.ArrayList.forEach(ArrayList.java:1597)
... Removed 31 stack frames]]>
    </failure>
  </testcase> <!-- Verify_Login -->
</testsuite> <!-- Test -->
