<?xml version="1.0" encoding="UTF-8"?>
<testng-results ignored="0" total="2" passed="2" failed="0" skipped="0">
  <reporter-output>
  </reporter-output>
  <suite started-at="2025-09-05T00:01:19 IST" name="Suite" finished-at="2025-09-05T00:01:39 IST" duration-ms="19790">
    <groups>
      <group name="Master">
        <method signature="TC001_AccountRegistrationTest.verify_Account_Registration()[pri:0, instance:testCases.TC001_AccountRegistrationTest@48d61b48]" name="verify_Account_Registration" class="testCases.TC001_AccountRegistrationTest"/>
        <method signature="TC002_VerifyLogin.Verify_Login()[pri:0, instance:testCases.TC002_VerifyLogin@176b75f7]" name="Verify_Login" class="testCases.TC002_VerifyLogin"/>
      </group> <!-- Master -->
      <group name="Sanity">
        <method signature="TC002_VerifyLogin.Verify_Login()[pri:0, instance:testCases.TC002_VerifyLogin@176b75f7]" name="Verify_Login" class="testCases.TC002_VerifyLogin"/>
      </group> <!-- Sanity -->
      <group name="Regression">
        <method signature="TC001_AccountRegistrationTest.verify_Account_Registration()[pri:0, instance:testCases.TC001_AccountRegistrationTest@48d61b48]" name="verify_Account_Registration" class="testCases.TC001_AccountRegistrationTest"/>
      </group> <!-- Regression -->
    </groups>
    <test started-at="2025-09-05T00:01:19 IST" name="Test" finished-at="2025-09-05T00:01:39 IST" duration-ms="19790">
      <class name="testCases.TC001_AccountRegistrationTest">
        <test-method is-config="true" signature="setUp(java.lang.String,java.lang.String)[pri:0, instance:testCases.TC001_AccountRegistrationTest@48d61b48]" started-at="2025-09-05T00:01:19 IST" name="setUp" finished-at="2025-09-05T00:01:26 IST" duration-ms="6559" status="PASS">
          <params>
            <param index="0">
              <value>
                <![CDATA[window]]>
              </value>
            </param>
            <param index="1">
              <value>
                <![CDATA[firefox]]>
              </value>
            </param>
          </params>
          <reporter-output>
          </reporter-output>
        </test-method> <!-- setUp -->
        <test-method signature="verify_Account_Registration()[pri:0, instance:testCases.TC001_AccountRegistrationTest@48d61b48]" started-at="2025-09-05T00:01:26 IST" name="verify_Account_Registration" finished-at="2025-09-05T00:01:27 IST" duration-ms="1795" status="PASS">
          <reporter-output>
          </reporter-output>
        </test-method> <!-- verify_Account_Registration -->
        <test-method is-config="true" signature="tearDown()[pri:0, instance:testCases.TC001_AccountRegistrationTest@48d61b48]" started-at="2025-09-05T00:01:27 IST" name="tearDown" finished-at="2025-09-05T00:01:29 IST" duration-ms="1986" status="PASS">
          <reporter-output>
          </reporter-output>
        </test-method> <!-- tearDown -->
      </class> <!-- testCases.TC001_AccountRegistrationTest -->
      <class name="testCases.TC002_VerifyLogin">
        <test-method is-config="true" signature="setUp(java.lang.String,java.lang.String)[pri:0, instance:testCases.TC002_VerifyLogin@176b75f7]" started-at="2025-09-05T00:01:29 IST" name="setUp" finished-at="2025-09-05T00:01:35 IST" duration-ms="6034" status="PASS">
          <params>
            <param index="0">
              <value>
                <![CDATA[window]]>
              </value>
            </param>
            <param index="1">
              <value>
                <![CDATA[firefox]]>
              </value>
            </param>
          </params>
          <reporter-output>
          </reporter-output>
        </test-method> <!-- setUp -->
        <test-method signature="Verify_Login()[pri:0, instance:testCases.TC002_VerifyLogin@176b75f7]" started-at="2025-09-05T00:01:35 IST" name="Verify_Login" finished-at="2025-09-05T00:01:37 IST" duration-ms="1295" status="PASS">
          <reporter-output>
          </reporter-output>
        </test-method> <!-- Verify_Login -->
        <test-method is-config="true" signature="tearDown()[pri:0, instance:testCases.TC002_VerifyLogin@176b75f7]" started-at="2025-09-05T00:01:37 IST" name="tearDown" finished-at="2025-09-05T00:01:39 IST" duration-ms="1871" status="PASS">
          <reporter-output>
          </reporter-output>
        </test-method> <!-- tearDown -->
      </class> <!-- testCases.TC002_VerifyLogin -->
    </test> <!-- Test -->
  </suite> <!-- Suite -->
</testng-results>
